<?xml version="1.0" encoding="UTF-8"?>
<!-- Generated by org.testng.reporters.JUnitReportReporter -->
<testsuite hostname="rohitpunekar" failures="0" tests="1" name="Automation.RunTestOnExistingSession" time="2.434" errors="0" timestamp="2022-01-28T12:06:05 IST" skipped="0">
  <testcase classname="Automation.RunTestOnExistingSession" name="f" time="2.434"/>
  <system-out/>
</testsuite> <!-- Automation.RunTestOnExistingSession -->
