<?xml version="1.0" encoding="UTF-8"?>
<!-- Generated by org.testng.reporters.JUnitReportReporter -->
<testsuite hostname="rohitpunekar" failures="0" tests="1" name="Automation.gmailOtpReading" time="36.341" errors="0" timestamp="2022-02-02T17:08:09 IST" skipped="0">
  <testcase classname="Automation.gmailOtpReading" name="ReadOtp" time="36.341"/>
  <system-out/>
</testsuite> <!-- Automation.gmailOtpReading -->
