<?xml version="1.0" encoding="UTF-8"?>
<!-- Generated by org.testng.reporters.JUnitReportReporter -->
<testsuite hostname="rohitpunekar" failures="0" tests="2" name="Automation.homepage" time="11.225" errors="0" timestamp="2022-01-24T19:16:33 IST" skipped="0">
  <testcase classname="Automation.homepage" name="ValidateLogin" time="3.017"/>
  <system-out/>
  <testcase classname="Automation.homepage" name="ValidateLogin" time="8.208"/>
  <system-out/>
</testsuite> <!-- Automation.homepage -->
