<?xml version="1.0" encoding="UTF-8"?>
<!-- Generated by org.testng.reporters.JUnitReportReporter -->
<testsuite hostname="rohitpunekar" failures="0" tests="1" name="E2EFramework.ProjectX.ValidateNavigationBar" time="0.078" errors="0" timestamp="2022-01-11T14:04:40 IST" skipped="0">
  <testcase classname="E2EFramework.ProjectX.ValidateNavigationBar" name="basepageNavigation" time="0.078"/>
  <system-out/>
</testsuite> <!-- E2EFramework.ProjectX.ValidateNavigationBar -->
