<?xml version="1.0" encoding="UTF-8"?>
<!-- Generated by org.testng.reporters.JUnitReportReporter -->
<testsuite hostname="rohitpunekar" failures="0" tests="1" name="Automation.homepage" time="8.468" errors="0" timestamp="2022-02-09T11:55:08 IST" skipped="0">
  <testcase classname="Automation.homepage" name="ValidateLogin" time="8.468"/>
  <system-out/>
</testsuite> <!-- Automation.homepage -->
