<?xml version="1.0" encoding="UTF-8"?>
<!-- Generated by org.testng.reporters.JUnitReportReporter -->
<testsuite hostname="rohitpunekar" failures="0" tests="1" name="Automation.ValidateTitle" time="0.199" errors="0" timestamp="2022-02-09T11:55:08 IST" skipped="0">
  <testcase classname="Automation.ValidateTitle" name="Validate_Title" time="0.199"/>
  <system-out/>
</testsuite> <!-- Automation.ValidateTitle -->
