<?xml version="1.0" encoding="UTF-8"?>
<!-- Generated by org.testng.reporters.JUnitReportReporter -->
<testsuite hostname="rohitpunekar" failures="0" tests="1" name="Automation.MetmaskConnect" time="9.722" errors="0" timestamp="2022-02-03T17:19:43 IST" skipped="0">
  <testcase classname="Automation.MetmaskConnect" name="trail" time="9.722"/>
  <system-out/>
</testsuite> <!-- Automation.MetmaskConnect -->
