<?xml version="1.0" encoding="UTF-8"?>
<!-- Generated by org.testng.reporters.JUnitReportReporter -->
<testsuite hostname="rohitpunekar" failures="0" tests="1" name="Automation.SignupPageTest" time="0.939" errors="0" timestamp="2022-01-28T17:01:37 IST" skipped="0">
  <testcase classname="Automation.SignupPageTest" name="ValidateSignup" time="0.939"/>
  <system-out/>
</testsuite> <!-- Automation.SignupPageTest -->
