<?xml version="1.0" encoding="UTF-8"?>
<!-- Generated by org.testng.reporters.JUnitReportReporter -->
<testsuite hostname="rohitpunekar" failures="0" tests="1" name="Automation.gmailOtpReading" time="37.122" errors="0" timestamp="2022-01-28T12:07:05 IST" skipped="0">
  <testcase classname="Automation.gmailOtpReading" name="ReadOtp" time="37.122"/>
  <system-out/>
</testsuite> <!-- Automation.gmailOtpReading -->
