<?xml version="1.0" encoding="UTF-8"?>
<!-- Generated by org.testng.reporters.JUnitReportReporter -->
<testsuite hostname="rohitpunekar" failures="0" tests="1" name="Automation.homepage" time="7.080" errors="0" timestamp="2022-01-27T12:14:18 IST" skipped="0">
  <testcase classname="Automation.homepage" name="ValidateLogin" time="7.080"/>
  <system-out/>
</testsuite> <!-- Automation.homepage -->
