<?xml version="1.0" encoding="UTF-8"?>
<!-- Generated by org.testng.reporters.JUnitReportReporter -->
<testsuite hostname="rohitpunekar" failures="0" tests="1" name="Automation.ValidateNavigationBar" time="0.342" errors="0" timestamp="2022-01-27T18:12:46 IST" skipped="0">
  <testcase classname="Automation.ValidateNavigationBar" name="ValidateNavigation" time="0.342"/>
  <system-out/>
</testsuite> <!-- Automation.ValidateNavigationBar -->
