<?xml version="1.0" encoding="UTF-8"?>
<!-- Generated by org.testng.reporters.JUnitReportReporter -->
<testsuite hostname="rohitpunekar" failures="0" tests="1" name="Automation.SignupPageTest" time="4.121" errors="0" timestamp="2022-02-07T10:48:01 IST" skipped="0">
  <testcase classname="Automation.SignupPageTest" name="ValidateSignup" time="4.121"/>
  <system-out/>
</testsuite> <!-- Automation.SignupPageTest -->
