<?xml version="1.0" encoding="UTF-8"?>
<!-- Generated by org.testng.reporters.JUnitReportReporter -->
<testsuite hostname="rohitpunekar" failures="0" tests="1" name="Automation.homepage" time="6.164" errors="0" timestamp="2022-02-03T16:57:42 IST" skipped="0">
  <testcase classname="Automation.homepage" name="ValidateLogin" time="6.164"/>
  <system-out/>
</testsuite> <!-- Automation.homepage -->
