<?xml version="1.0" encoding="UTF-8"?>
<!-- Generated by org.testng.reporters.JUnitReportReporter -->
<testsuite hostname="rohitpunekar" failures="0" tests="1" name="Automation.gmailReadingOtp" time="10.673" errors="0" timestamp="2022-01-27T20:08:29 IST" skipped="0">
  <testcase classname="Automation.gmailReadingOtp" name="ReadOtp" time="10.673"/>
  <system-out/>
</testsuite> <!-- Automation.gmailReadingOtp -->
