<?xml version="1.0" encoding="UTF-8"?>
<!-- Generated by org.testng.reporters.JUnitReportReporter -->
<testsuite hostname="rohitpunekar" failures="0" tests="1" name="Automation.ValidateTitle" time="0.089" errors="0" timestamp="2022-01-25T08:45:44 IST" skipped="0">
  <testcase classname="Automation.ValidateTitle" name="Validatetitle" time="0.089"/>
  <system-out/>
</testsuite> <!-- Automation.ValidateTitle -->
