<?xml version="1.0" encoding="UTF-8"?>
<!-- Generated by org.testng.reporters.JUnitReportReporter -->
<testsuite hostname="rohitpunekar" failures="0" tests="1" name="Automation.ValidateNavigationBar" time="0.316" errors="0" timestamp="2022-02-09T11:55:08 IST" skipped="0">
  <testcase classname="Automation.ValidateNavigationBar" name="ValidateNavigation" time="0.316"/>
  <system-out/>
</testsuite> <!-- Automation.ValidateNavigationBar -->
