<?xml version="1.0" encoding="UTF-8"?>
<!-- Generated by org.testng.reporters.JUnitReportReporter -->
<testsuite hostname="rohitpunekar" failures="0" tests="1" name="Automation.ValidateNavigationBar" time="0.049" errors="0" timestamp="2022-01-24T19:16:33 IST" skipped="0">
  <testcase classname="Automation.ValidateNavigationBar" name="ValidateNavigation" time="0.049"/>
  <system-out/>
</testsuite> <!-- Automation.ValidateNavigationBar -->
