<?xml version="1.0" encoding="UTF-8"?>
<!-- Generated by org.testng.reporters.JUnitReportReporter -->
<testsuite hostname="rohitpunekar" failures="0" tests="3" name="E2EFramework.ProjectX.homepage" time="36.244" errors="0" timestamp="2022-01-11T14:04:40 IST" skipped="0">
  <testcase classname="E2EFramework.ProjectX.homepage" name="basepageNavigation" time="31.825"/>
  <system-out/>
  <testcase classname="E2EFramework.ProjectX.homepage" name="basepageNavigation" time="2.232"/>
  <system-out/>
  <testcase classname="E2EFramework.ProjectX.homepage" name="basepageNavigation" time="2.187"/>
  <system-out/>
</testsuite> <!-- E2EFramework.ProjectX.homepage -->
